Copyright 1986-2022 Xilinx, Inc. All Rights Reserved. Copyright 2022-2023 Advanced Micro Devices, Inc. All Rights Reserved.
----------------------------------------------------------------------------------------------------------------------------------------------------------------
| Tool Version     : Vivado v.2023.2 (win64) Build 4029153 Fri Oct 13 20:14:34 MDT 2023
| Date             : Fri Apr 12 18:06:31 2024
| Host             : Key running 64-bit major release  (build 9200)
| Command          : report_power -file FlappyBird_top_power_routed.rpt -pb FlappyBird_top_power_summary_routed.pb -rpx FlappyBird_top_power_routed.rpx
| Design           : FlappyBird_top
| Device           : xc7z010clg400-1
| Design State     : routed
| Grade            : commercial
| Process          : typical
| Characterization : Production
----------------------------------------------------------------------------------------------------------------------------------------------------------------

Power Report

Table of Contents
-----------------
1. Summary
1.1 On-Chip Components
1.2 Power Supply Summary
1.3 Confidence Level
2. Settings
2.1 Environment
2.2 Clock Constraints
3. Detailed Reports
3.1 By Hierarchy

1. Summary
----------

+--------------------------+--------------+
| Total On-Chip Power (W)  | 0.239        |
| Design Power Budget (W)  | Unspecified* |
| Power Budget Margin (W)  | NA           |
| Dynamic (W)              | 0.141        |
| Device Static (W)        | 0.098        |
| Effective TJA (C/W)      | 11.5         |
| Max Ambient (C)          | 82.2         |
| Junction Temperature (C) | 27.8         |
| Confidence Level         | Medium       |
| Setting File             | ---          |
| Simulation Activity File | ---          |
| Design Nets Matched      | NA           |
+--------------------------+--------------+
* Specify Design Power Budget using, set_operating_conditions -design_power_budget <value in Watts>


1.1 On-Chip Components
----------------------

+----------------+-----------+----------+-----------+-----------------+
| On-Chip        | Power (W) | Used     | Available | Utilization (%) |
+----------------+-----------+----------+-----------+-----------------+
| Clocks         |     0.006 |        3 |       --- |             --- |
| Slice Logic    |     0.001 |     1623 |       --- |             --- |
|   LUT as Logic |    <0.001 |      666 |     17600 |            3.78 |
|   CARRY4       |    <0.001 |       63 |      4400 |            1.43 |
|   Register     |    <0.001 |      417 |     35200 |            1.18 |
|   BUFG         |    <0.001 |        1 |        32 |            3.13 |
|   F7/F8 Muxes  |    <0.001 |       64 |     17600 |            0.36 |
|   Others       |     0.000 |      269 |       --- |             --- |
| Signals        |     0.001 |     1479 |       --- |             --- |
| Block RAM      |    <0.001 |       57 |        60 |           95.00 |
| I/O            |     0.133 |       13 |       100 |           13.00 |
| Static Power   |     0.098 |          |           |                 |
| Total          |     0.239 |          |           |                 |
+----------------+-----------+----------+-----------+-----------------+


1.2 Power Supply Summary
------------------------

+-----------+-------------+-----------+-------------+------------+-------------+-------------+------------+
| Source    | Voltage (V) | Total (A) | Dynamic (A) | Static (A) | Powerup (A) | Budget (A)  | Margin (A) |
+-----------+-------------+-----------+-------------+------------+-------------+-------------+------------+
| Vccint    |       1.000 |     0.014 |       0.009 |      0.005 |       NA    | Unspecified | NA         |
| Vccaux    |       1.800 |     0.006 |       0.000 |      0.006 |       NA    | Unspecified | NA         |
| Vcco33    |       3.300 |     0.041 |       0.040 |      0.001 |       NA    | Unspecified | NA         |
| Vcco25    |       2.500 |     0.000 |       0.000 |      0.000 |       NA    | Unspecified | NA         |
| Vcco18    |       1.800 |     0.000 |       0.000 |      0.000 |       NA    | Unspecified | NA         |
| Vcco15    |       1.500 |     0.000 |       0.000 |      0.000 |       NA    | Unspecified | NA         |
| Vcco135   |       1.350 |     0.000 |       0.000 |      0.000 |       NA    | Unspecified | NA         |
| Vcco12    |       1.200 |     0.000 |       0.000 |      0.000 |       NA    | Unspecified | NA         |
| Vccaux_io |       1.800 |     0.000 |       0.000 |      0.000 |       NA    | Unspecified | NA         |
| Vccbram   |       1.000 |     0.002 |       0.000 |      0.002 |       NA    | Unspecified | NA         |
| MGTAVcc   |       1.000 |     0.000 |       0.000 |      0.000 |       NA    | Unspecified | NA         |
| MGTAVtt   |       1.200 |     0.000 |       0.000 |      0.000 |       NA    | Unspecified | NA         |
| MGTVccaux |       1.800 |     0.000 |       0.000 |      0.000 |       NA    | Unspecified | NA         |
| Vccpint   |       1.000 |     0.017 |       0.000 |      0.017 |       NA    | Unspecified | NA         |
| Vccpaux   |       1.800 |     0.010 |       0.000 |      0.010 |       NA    | Unspecified | NA         |
| Vccpll    |       1.800 |     0.003 |       0.000 |      0.003 |       NA    | Unspecified | NA         |
| Vcco_ddr  |       1.500 |     0.000 |       0.000 |      0.000 |       NA    | Unspecified | NA         |
| Vcco_mio0 |       1.800 |     0.000 |       0.000 |      0.000 |       NA    | Unspecified | NA         |
| Vcco_mio1 |       1.800 |     0.000 |       0.000 |      0.000 |       NA    | Unspecified | NA         |
| Vccadc    |       1.800 |     0.020 |       0.000 |      0.020 |       NA    | Unspecified | NA         |
+-----------+-------------+-----------+-------------+------------+-------------+-------------+------------+


1.3 Confidence Level
--------------------

+-----------------------------+------------+-------------------------------------------------------+--------------------------------------------------------------------------------------------------------------------+
| User Input Data             | Confidence | Details                                               | Action                                                                                                             |
+-----------------------------+------------+-------------------------------------------------------+--------------------------------------------------------------------------------------------------------------------+
| Design implementation state | High       | Design is routed                                      |                                                                                                                    |
| Clock nodes activity        | Medium     | More than 5% of clocks are missing user specification | Provide missing clock activity with a constraint file, simulation results or by editing the "By Clock Domain" view |
| I/O nodes activity          | Medium     | More than 5% of inputs are missing user specification | Provide missing input activity with simulation results or by editing the "By Resource Type -> I/Os" view           |
| Internal nodes activity     | Medium     | User specified less than 25% of internal nodes        | Provide missing internal nodes activity with simulation results or by editing the "By Resource Type" views         |
| Device models               | High       | Device models are Production                          |                                                                                                                    |
|                             |            |                                                       |                                                                                                                    |
| Overall confidence level    | Medium     |                                                       |                                                                                                                    |
+-----------------------------+------------+-------------------------------------------------------+--------------------------------------------------------------------------------------------------------------------+


2. Settings
-----------

2.1 Environment
---------------

+-----------------------+------------------------+
| Ambient Temp (C)      | 25.0                   |
| ThetaJA (C/W)         | 11.5                   |
| Airflow (LFM)         | 250                    |
| Heat Sink             | none                   |
| ThetaSA (C/W)         | 0.0                    |
| Board Selection       | medium (10"x10")       |
| # of Board Layers     | 8to11 (8 to 11 Layers) |
| Board Temperature (C) | 25.0                   |
+-----------------------+------------------------+


2.2 Clock Constraints
---------------------

+-------------+--------+-----------------+
| Clock       | Domain | Constraint (ns) |
+-------------+--------+-----------------+
| sys_clk_pin | clk    |             8.0 |
+-------------+--------+-----------------+


3. Detailed Reports
-------------------

3.1 By Hierarchy
----------------

+--------------------------------------+-----------+
| Name                                 | Power (W) |
+--------------------------------------+-----------+
| FlappyBird_top                       |     0.141 |
|   u2                                 |     0.002 |
|     U0                               |     0.002 |
|       inst_blk_mem_gen               |     0.002 |
|   u3                                 |     0.003 |
|   u5                                 |     0.133 |
|     U0                               |     0.133 |
|       ClockSerializer                |     0.033 |
|       DataEncoders[0].DataSerializer |     0.033 |
|       DataEncoders[1].DataSerializer |     0.033 |
|       DataEncoders[2].DataSerializer |     0.033 |
+--------------------------------------+-----------+


