Copyright 1986-2022 Xilinx, Inc. All Rights Reserved. Copyright 2022-2023 Advanced Micro Devices, Inc. All Rights Reserved.
---------------------------------------------------------------------------------------------------------------------------------------------
| Tool Version : Vivado v.2023.2 (win64) Build 4029153 Fri Oct 13 20:14:34 MDT 2023
| Date         : Sun Apr 14 22:05:25 2024
| Host         : Key running 64-bit major release  (build 9200)
| Command      : report_control_sets -verbose -file FlappyBird_top_control_sets_placed.rpt
| Design       : FlappyBird_top
| Device       : xc7z010
---------------------------------------------------------------------------------------------------------------------------------------------

Control Set Information

Table of Contents
-----------------
1. Summary
2. Histogram
3. Flip-Flop Distribution
4. Detailed Control Set Information

1. Summary
----------

+----------------------------------------------------------+-------+
|                          Status                          | Count |
+----------------------------------------------------------+-------+
| Total control sets                                       |    31 |
|    Minimum number of control sets                        |    31 |
|    Addition due to synthesis replication                 |     0 |
|    Addition due to physical synthesis replication        |     0 |
| Unused register locations in slices containing registers |   121 |
+----------------------------------------------------------+-------+
* Control sets can be merged at opt_design using control_set_merge or merge_equivalent_drivers
** Run report_qor_suggestions for automated merging and remapping suggestions


2. Histogram
------------

+--------------------+-------+
|       Fanout       | Count |
+--------------------+-------+
| Total control sets |    31 |
| >= 0 to < 4        |     6 |
| >= 4 to < 6        |     4 |
| >= 6 to < 8        |     3 |
| >= 8 to < 10       |     4 |
| >= 10 to < 12      |     1 |
| >= 12 to < 14      |     1 |
| >= 14 to < 16      |     0 |
| >= 16              |    12 |
+--------------------+-------+
* Control sets can be remapped at either synth_design or opt_design


3. Flip-Flop Distribution
-------------------------

+--------------+-----------------------+------------------------+-----------------+--------------+
| Clock Enable | Synchronous Set/Reset | Asynchronous Set/Reset | Total Registers | Total Slices |
+--------------+-----------------------+------------------------+-----------------+--------------+
| No           | No                    | No                     |             136 |           85 |
| No           | No                    | Yes                    |               0 |            0 |
| No           | Yes                   | No                     |              42 |           23 |
| Yes          | No                    | No                     |              78 |           35 |
| Yes          | No                    | Yes                    |               0 |            0 |
| Yes          | Yes                   | No                     |             215 |           68 |
+--------------+-----------------------+------------------------+-----------------+--------------+


4. Detailed Control Set Information
-----------------------------------

+------------------+------------------------------------------+-------------------------------------------------------------+------------------+----------------+--------------+
|   Clock Signal   |               Enable Signal              |                       Set/Reset Signal                      | Slice Load Count | Bel Load Count | Bels / Slice |
+------------------+------------------------------------------+-------------------------------------------------------------+------------------+----------------+--------------+
|  clk_IBUF_BUFG   | u3/led_ind_i_1_n_0                       |                                                             |                1 |              1 |         1.00 |
|  clk_IBUF_BUFG   | u4/div_reg_1                             |                                                             |                1 |              1 |         1.00 |
|  clk_IBUF_BUFG   | u4/hcounter                              |                                                             |                1 |              1 |         1.00 |
|  clk_IBUF_BUFG   | u1/div_out_BUFG                          |                                                             |                1 |              1 |         1.00 |
|  clk_IBUF_BUFG   | u3/y1                                    | u3/y2[6]_i_1_n_0                                            |                1 |              2 |         2.00 |
|  clk_IBUF_BUFG   | u3/y1                                    | u3/y2[3]_i_1_n_0                                            |                2 |              3 |         1.50 |
|  clk_IBUF_BUFG   | u3/pipeGenCounter[3]_i_1_n_0             |                                                             |                1 |              4 |         4.00 |
|  clk_IBUF_BUFG   | u3/h2                                    | u3/h1[9]_i_1_n_0                                            |                2 |              4 |         2.00 |
|  clk_IBUF_BUFG   | u3/internal_addr2                        | u3/internal_addr2[4]_i_1_n_0                                |                1 |              5 |         5.00 |
|  clk_IBUF_BUFG   | u3/internal_addr3                        | u3/internal_addr3[4]_i_1_n_0                                |                1 |              5 |         5.00 |
|  clk_IBUF_BUFG   | u3/h2                                    | u3/h1[10]_i_1_n_0                                           |                4 |              6 |         1.50 |
|  clk_IBUF_BUFG   | u3/internal_addr2                        | u3/internal_addr2[10]_i_1_n_0                               |                2 |              6 |         3.00 |
|  clk_IBUF_BUFG   | u3/internal_addr3                        | u3/internal_addr3[10]_i_1_n_0                               |                1 |              6 |         6.00 |
|  clk_IBUF_BUFG   | u4/E[0]                                  |                                                             |                8 |              8 |         1.00 |
|  clk_IBUF_BUFG   | u3/h2                                    |                                                             |                5 |              8 |         1.60 |
|  clk_IBUF_BUFG   | u4/hcounter                              | u4/vcounter                                                 |                5 |              9 |         1.80 |
|  clk_IBUF_BUFG   | u1/div_out_BUFG                          | u4/hcounter                                                 |                4 |              9 |         2.25 |
|  u1/div_out_BUFG |                                          | u5/U0/DataEncoders[0].DataEncoder/pDataOutRaw[9]_i_1__1_n_0 |                5 |             10 |         2.00 |
|  clk_IBUF_BUFG   | u3/y1                                    |                                                             |                6 |             13 |         2.17 |
|  clk_IBUF_BUFG   | u3/tempy1                                |                                                             |                4 |             16 |         4.00 |
|  clk_IBUF_BUFG   | u3/internal_addr                         | u3/internal_addr[17]_i_1_n_0                                |                3 |             18 |         6.00 |
|  clk_IBUF_BUFG   | btn_skinz/counter                        | btn_skinz/counter[21]_i_1__0_n_0                            |                7 |             22 |         3.14 |
|  clk_IBUF_BUFG   | btn_startz/counter                       | btn_startz/counter[21]_i_1_n_0                              |                7 |             22 |         3.14 |
|  clk_IBUF_BUFG   | btn_up/counter                           | btn_up/counter[21]_i_1_n_0                                  |                7 |             22 |         3.14 |
|  clk_IBUF_BUFG   | u3/tempy1                                | u3/pipeMoveTimer[23]_i_1_n_0                                |                6 |             23 |         3.83 |
|  clk_IBUF_BUFG   | btn_skinz/FSM_onehot_currentState_reg[0] |                                                             |                7 |             25 |         3.57 |
|  clk_IBUF_BUFG   | u4/div_reg_1                             | u3/tempCounter[26]_i_1_n_0                                  |                7 |             26 |         3.71 |
|  clk_IBUF_BUFG   | u3/timer                                 | u3/timer[26]_i_1_n_0                                        |                8 |             27 |         3.38 |
|  u1/div_out_BUFG |                                          | u5/U0/DataEncoders[0].DataEncoder/SR[0]                     |               18 |             32 |         1.78 |
|  u1/div_out_BUFG |                                          |                                                             |               24 |             49 |         2.04 |
|  clk_IBUF_BUFG   |                                          |                                                             |               61 |             87 |         1.43 |
+------------------+------------------------------------------+-------------------------------------------------------------+------------------+----------------+--------------+


