Vivado Simulator v2023.2
Copyright 1986-2022 Xilinx, Inc. All Rights Reserved.
Copyright 2022-2023 Advanced Micro Devices, Inc. All Rights Reserved.
Running: C:/Xilinx/Vivado/2023.2/bin/unwrapped/win64.o/xelab.exe --incr --debug typical --relax --mt 2 -L xil_defaultlib -L secureip -L xpm --snapshot pipeGen_tb_behav xil_defaultlib.pipeGen_tb -log elaborate.log 
Using 2 slave threads.
Starting static elaboration
WARNING: [VRFC 10-1537] value 310 is out of target constraint range 50 to 230 [C:/Users/keyur/Documents/Vivado/FlappyBird/FlappyBird.srcs/sources_1/new/pipeGen.vhd:51]
WARNING: [VRFC 10-1537] value 235 is out of target constraint range 50 to 230 [C:/Users/keyur/Documents/Vivado/FlappyBird/FlappyBird.srcs/sources_1/new/pipeGen.vhd:54]
WARNING: [VRFC 10-1537] value 290 is out of target constraint range 50 to 230 [C:/Users/keyur/Documents/Vivado/FlappyBird/FlappyBird.srcs/sources_1/new/pipeGen.vhd:60]
WARNING: [VRFC 10-1537] value 340 is out of target constraint range 50 to 230 [C:/Users/keyur/Documents/Vivado/FlappyBird/FlappyBird.srcs/sources_1/new/pipeGen.vhd:66]
WARNING: [VRFC 10-1537] value 260 is out of target constraint range 50 to 230 [C:/Users/keyur/Documents/Vivado/FlappyBird/FlappyBird.srcs/sources_1/new/pipeGen.vhd:69]
WARNING: [VRFC 10-1537] value 320 is out of target constraint range 50 to 230 [C:/Users/keyur/Documents/Vivado/FlappyBird/FlappyBird.srcs/sources_1/new/pipeGen.vhd:72]
WARNING: [VRFC 10-1537] value 280 is out of target constraint range 50 to 230 [C:/Users/keyur/Documents/Vivado/FlappyBird/FlappyBird.srcs/sources_1/new/pipeGen.vhd:75]
WARNING: [VRFC 10-1537] value 270 is out of target constraint range 50 to 230 [C:/Users/keyur/Documents/Vivado/FlappyBird/FlappyBird.srcs/sources_1/new/pipeGen.vhd:84]
WARNING: [VRFC 10-1537] value 330 is out of target constraint range 50 to 230 [C:/Users/keyur/Documents/Vivado/FlappyBird/FlappyBird.srcs/sources_1/new/pipeGen.vhd:93]
Completed static elaboration
Starting simulation data flow analysis
Completed simulation data flow analysis
Time Resolution for simulation is 1ps
Compiling package std.standard
Compiling package std.textio
Compiling package ieee.std_logic_1164
Compiling package ieee.numeric_std
Compiling package ieee.std_logic_arith
Compiling package ieee.std_logic_unsigned
Compiling architecture behavioral of entity xil_defaultlib.pipeGen [pipegen_default]
Compiling architecture behavioral of entity xil_defaultlib.pipegen_tb
Built simulation snapshot pipeGen_tb_behav
